<?xml version="1.0" encoding="UTF-8"?>
<testng-results skipped="0" failed="0" total="2" passed="2">
  <reporter-output>
  </reporter-output>
  <suite name="Default suite" duration-ms="5759" started-at="2016-11-15T08:45:49Z" finished-at="2016-11-15T08:45:55Z">
    <groups>
      <group name="post">
        <method signature="FunctionalTest.insertNewPost()[pri:0, instance:com.codingparadox.FunctionalTest@58e1d9d]" name="insertNewPost" class="com.codingparadox.FunctionalTest"/>
      </group> <!-- post -->
    </groups>
    <test name="Default test" duration-ms="5759" started-at="2016-11-15T08:45:49Z" finished-at="2016-11-15T08:45:55Z">
      <class name="com.codingparadox.FunctionalTest">
        <test-method status="PASS" signature="springTestContextBeforeTestClass()[pri:0, instance:com.codingparadox.FunctionalTest@58e1d9d]" test-instance-name="" name="springTestContextBeforeTestClass" is-config="true" duration-ms="10" started-at="2016-11-15T14:30:49Z" finished-at="2016-11-15T14:30:49Z">
          <reporter-output>
          </reporter-output>
        </test-method> <!-- springTestContextBeforeTestClass -->
        <test-method name="springTestContextPrepareTestInstance" test-instance-name="" signature="springTestContextPrepareTestInstance()[pri:0, instance:com.codingparadox.FunctionalTest@58e1d9d]" is-config="true" status="PASS" duration-ms="3564" finished-at="2016-11-15T14:30:53Z" started-at="2016-11-15T14:30:49Z" depends-on-methods="org.springframework.test.context.testng.AbstractTestNGSpringContextTests.springTestContextBeforeTestClass">
          <reporter-output>
          </reporter-output>
        </test-method> <!-- springTestContextPrepareTestInstance -->
        <test-method status="PASS" signature="setup()[pri:0, instance:com.codingparadox.FunctionalTest@58e1d9d]" test-instance-name="" name="setup" is-config="true" duration-ms="298" started-at="2016-11-15T14:30:53Z" finished-at="2016-11-15T14:30:53Z">
          <reporter-output>
          </reporter-output>
        </test-method> <!-- setup -->
        <test-method status="PASS" signature="databaseSetup()[pri:0, instance:com.codingparadox.FunctionalTest@58e1d9d]" test-instance-name="" name="databaseSetup" is-config="true" duration-ms="80" started-at="2016-11-15T14:30:53Z" finished-at="2016-11-15T14:30:53Z">
          <reporter-output>
          </reporter-output>
        </test-method> <!-- databaseSetup -->
        <test-method status="PASS" signature="springTestContextBeforeTestMethod(java.lang.reflect.Method)[pri:0, instance:com.codingparadox.FunctionalTest@58e1d9d]" test-instance-name="" name="springTestContextBeforeTestMethod" is-config="true" duration-ms="1" started-at="2016-11-15T14:30:53Z" finished-at="2016-11-15T14:30:53Z">
          <params>
            <param index="0">
              <value>
                <![CDATA[public void com.codingparadox.FunctionalTest.insertNewPost()]]>
              </value>
            </param>
          </params>
          <reporter-output>
          </reporter-output>
        </test-method> <!-- springTestContextBeforeTestMethod -->
        <test-method status="PASS" signature="insertNewPost()[pri:0, instance:com.codingparadox.FunctionalTest@58e1d9d]" test-instance-name="" name="insertNewPost" duration-ms="1788" started-at="2016-11-15T14:30:53Z" finished-at="2016-11-15T14:30:55Z">
          <reporter-output>
          </reporter-output>
        </test-method> <!-- insertNewPost -->
        <test-method status="PASS" signature="springTestContextAfterTestMethod(java.lang.reflect.Method)[pri:0, instance:com.codingparadox.FunctionalTest@58e1d9d]" test-instance-name="" name="springTestContextAfterTestMethod" is-config="true" duration-ms="1" started-at="2016-11-15T14:30:55Z" finished-at="2016-11-15T14:30:55Z">
          <params>
            <param index="0">
              <value>
                <![CDATA[public void com.codingparadox.FunctionalTest.insertNewPost()]]>
              </value>
            </param>
          </params>
          <reporter-output>
          </reporter-output>
        </test-method> <!-- springTestContextAfterTestMethod -->
        <test-method status="PASS" signature="test()[pri:0, instance:com.codingparadox.FunctionalTest@58e1d9d]" test-instance-name="" name="test" duration-ms="1" started-at="2016-11-15T14:30:55Z" finished-at="2016-11-15T14:30:55Z">
          <reporter-output>
          </reporter-output>
        </test-method> <!-- test -->
        <test-method status="PASS" signature="springTestContextBeforeTestMethod(java.lang.reflect.Method)[pri:0, instance:com.codingparadox.FunctionalTest@58e1d9d]" test-instance-name="" name="springTestContextBeforeTestMethod" is-config="true" duration-ms="0" started-at="2016-11-15T14:30:55Z" finished-at="2016-11-15T14:30:55Z">
          <params>
            <param index="0">
              <value>
                <![CDATA[public void com.codingparadox.FunctionalTest.test()]]>
              </value>
            </param>
          </params>
          <reporter-output>
          </reporter-output>
        </test-method> <!-- springTestContextBeforeTestMethod -->
        <test-method status="PASS" signature="springTestContextAfterTestClass()[pri:0, instance:com.codingparadox.FunctionalTest@58e1d9d]" test-instance-name="" name="springTestContextAfterTestClass" is-config="true" duration-ms="1" started-at="2016-11-15T14:30:55Z" finished-at="2016-11-15T14:30:55Z">
          <reporter-output>
          </reporter-output>
        </test-method> <!-- springTestContextAfterTestClass -->
        <test-method status="PASS" signature="springTestContextAfterTestMethod(java.lang.reflect.Method)[pri:0, instance:com.codingparadox.FunctionalTest@58e1d9d]" test-instance-name="" name="springTestContextAfterTestMethod" is-config="true" duration-ms="0" started-at="2016-11-15T14:30:55Z" finished-at="2016-11-15T14:30:55Z">
          <params>
            <param index="0">
              <value>
                <![CDATA[public void com.codingparadox.FunctionalTest.test()]]>
              </value>
            </param>
          </params>
          <reporter-output>
          </reporter-output>
        </test-method> <!-- springTestContextAfterTestMethod -->
      </class> <!-- com.codingparadox.FunctionalTest -->
    </test> <!-- Default test -->
  </suite> <!-- Default suite -->
</testng-results>
